(57000)
1 (2850)
2 (2281)
4 (1655)
13 (2850)
16 (574)
23 (2850)
33 (2850)
41 (610)
42 (2850)
53 (2850)
61 (458)
64 (2850)
73 (2850)
78 (1404)
81 (2850)
90 (2850)
94 (3109)
100 (2850)
106 (2850)
116 (2850)
125 (744)
126 (2850)
134 (2854)
141 (2850)
147 (476)
148 (761)
149 (352)
151 (2850)
157 (2850)
164 (2850)
165 (2547)
166 (2047)
171 (2850)
184 (476)
196 (359)
200 (301)
236 (328)
252 (525)
297 (570)
300 (1998)
318 (787)
319 (775)
323 (1442)
337 (397)
354 (419)
374 (956)
390 (2530)
396 (549)
415 (471)
451 (301)
452 (1425)
483 (807)
498 (309)
501 (1944)
508 (1032)
530 (315)
588 (681)
603 (533)
844 (455)
887 (5439)
894 (2456)
928 (311)
954 (329)
956 (2164)
960 (1920)
963 (848)
975 (1553)
977 (306)
978 (640)
986 (498)
1008 (601)
1016 (324)
1024 (624)
1041 (845)
1058 (405)
1096 (616)
1100 (2235)
1113 (1287)
1143 (753)
1145 (485)
1190 (363)
1209 (349)
1247 (719)
1254 (849)
1429 (339)
1445 (321)
1499 (3571)
1508 (754)
1515 (676)
1516 (485)
1525 (773)
1551 (1063)
1618 (665)
1622 (301)
1652 (351)
1671 (395)
1698 (352)
1706 (801)
1714 (1157)
1765 (676)
1777 (470)
1815 (689)
1821 (350)
1916 (1272)
1964 (635)
2072 (380)
2081 (3560)
2125 (314)
2164 (409)
2175 (768)
2257 (338)
2285 (841)
2372 (346)
2393 (717)
2409 (1072)
2488 (341)
2491 (489)
2499 (575)
2538 (300)
2548 (554)
2574 (800)
2612 (547)
2673 (3200)
2674 (375)
2676 (1906)
2683 (2368)
2688 (856)
2700 (661)
2706 (806)
2707 (1091)
2716 (979)
2725 (716)
2732 (338)
2755 (453)
2811 (414)
2835 (495)
2840 (321)
2897 (375)
2970 (383)
2971 (663)
2977 (300)
2984 (738)
2994 (631)
2996 (485)
3049 (574)
3052 (306)
3078 (1178)
3104 (709)
3114 (500)
3207 (1352)
3214 (781)
3237 (303)
3287 (815)
3334 (538)
3364 (324)
3373 (612)
3464 (5452)
3467 (655)
3629 (1660)
3664 (306)
3672 (636)
3683 (606)
3699 (849)
3712 (931)
3718 (2104)
3737 (1925)
3776 (1327)
3789 (594)
3805 (760)
3822 (421)
3895 (304)
3952 (528)
4019 (301)
4052 (333)
4065 (734)
4099 (773)
4130 (305)
4187 (382)
4332 (5388)
4343 (391)
4363 (936)
4378 (632)
4409 (370)
4450 (871)
4602 (307)
4629 (475)
4686 (2019)
4786 (1628)
4787 (382)
4807 (1556)
4824 (308)
4831 (316)
4859 (694)
4875 (375)
4885 (305)
5006 (638)
5033 (772)
5055 (577)
5089 (338)
5176 (342)
5280 (439)
5368 (309)
5424 (310)
5443 (577)
5573 (441)
5589 (780)
5743 (5540)
5873 (301)
5910 (766)
5916 (380)
5991 (586)
5997 (524)
6164 (425)
6184 (313)
6209 (528)
6214 (356)
6315 (407)
6376 (344)
6503 (747)
6523 (700)
6546 (513)
6548 (309)
6550 (836)
6610 (310)
6668 (576)
6676 (844)
6679 (364)
7119 (549)
7296 (658)
7406 (5620)
7442 (341)
7478 (356)
7532 (468)
7580 (334)
7617 (671)
7697 (2394)
7743 (324)
7860 (324)
7874 (1001)
7959 (823)
8042 (389)
8082 (523)
8124 (538)
8272 (409)
8318 (395)
8321 (724)
8410 (482)
8431 (2412)
8610 (793)
8867 (440)
9129 (3860)
9401 (1847)
9407 (618)
9417 (1012)
9426 (515)
9455 (348)
9490 (472)
9668 (349)
9860 (737)
9939 (3120)
9940 (1175)
9943 (1537)
9947 (1685)
9950 (321)
9960 (345)
9977 (2568)
10003 (474)
10004 (376)
10015 (433)
10030 (302)
10044 (844)
10127 (317)
10214 (426)
10273 (2602)
10275 (352)
10286 (441)
10291 (371)
10368 (355)
10416 (549)
10428 (5680)
10441 (2301)
10486 (4943)
10522 (2610)
10523 (926)
10543 (1849)
10680 (486)
10683 (439)
10707 (351)
10709 (352)
10725 (1283)
10747 (364)
10748 (500)
10750 (335)
10755 (2104)
10757 (959)
10760 (335)
10772 (323)
10777 (330)
10778 (330)
10874 (334)
10875 (330)
10891 (310)
10969 (594)
11008 (531)
11018 (410)
11019 (2737)
11051 (724)
11062 (370)
11070 (2234)
11149 (2580)
11160 (843)
11167 (389)
11180 (330)
11262 (784)
11391 (1640)
11435 (558)
11664 (2760)
11666 (579)
11675 (1058)
11679 (838)
11685 (767)
11688 (480)
11789 (693)
11794 (428)
11815 (541)
12090 (880)
12101 (483)
12110 (687)
12127 (457)
106 2538 (300)
141 4019 (300)
141 3237 (302)
4332 4602 (306)
5743 6548 (309)
81 6610 (306)
53 10891 (308)
9977 10127 (316)
887 1445 (321)
9943 9950 (316)
90 10772 (322)
887 1016 (324)
1 3364 (323)
7580 7743 (300)
42 7743 (324)
141 7860 (323)
106 236 (326)
954 960 (327)
887 954 (329)
10777 10778 (330)
10747 10777 (330)
10543 10777 (330)
126 10777 (329)
10486 10777 (330)
10747 10778 (330)
10543 10778 (330)
126 10778 (329)
10486 10778 (330)
10760 10875 (302)
171 10875 (301)
42 7580 (324)
10709 10874 (302)
134 10874 (328)
10486 10874 (303)
1 10750 (334)
171 10760 (332)
2081 2257 (338)
2683 2732 (315)
4332 5089 (338)
81 1429 (311)
90 2488 (340)
126 7442 (341)
5743 6376 (344)
9960 9977 (314)
2081 2372 (346)
9129 9455 (348)
141 1209 (346)
9401 9668 (314)
9129 9668 (349)
1 1821 (350)
90 1652 (351)
42 10707 (351)
141 149 (347)
10522 10709 (305)
134 10709 (351)
10486 10709 (349)
5743 6214 (356)
7406 7478 (356)
106 196 (359)
1190 1254 (305)
956 1190 (300)
1100 1190 (300)
42 1190 (361)
5743 6679 (364)
10543 10747 (338)
126 10747 (329)
10486 10747 (353)
11019 11062 (302)
1 2674 (375)
141 2897 (302)
9977 10004 (373)
42 2072 (376)
5743 5916 (380)
4187 4332 (346)
4787 5743 (314)
141 2970 (382)
7697 8042 (335)
7406 8042 (364)
106 4343 (390)
106 1671 (395)
337 3373 (354)
337 8431 (327)
956 1058 (306)
887 1058 (405)
126 6315 (405)
13 2164 (393)
7406 8272 (367)
10486 11018 (376)
2676 2811 (395)
3737 3822 (376)
5743 6164 (397)
11675 11794 (310)
11664 11794 (421)
141 5280 (438)
10523 10683 (416)
10683 10725 (321)
10441 10683 (427)
10486 10683 (373)
10428 10683 (430)
8610 8867 (304)
8431 8867 (398)
8867 9129 (355)
5573 5743 (392)
10273 10286 (364)
10286 10428 (331)
141 2755 (320)
106 844 (454)
12101 12127 (330)
12110 12127 (455)
12090 12127 (457)
7532 7697 (348)
7406 7532 (454)
9129 9490 (472)
8124 10003 (384)
106 10003 (472)
4629 4686 (374)
42 4629 (304)
4332 4629 (341)
141 147 (474)
11664 11688 (457)
7697 8410 (332)
8410 8431 (372)
7406 8410 (399)
12101 12110 (426)
12090 12101 (483)
1145 2081 (362)
1145 1499 (317)
94 1516 (316)
887 1516 (349)
2996 9940 (404)
2996 9943 (356)
2996 9977 (401)
2996 9939 (336)
10486 10680 (317)
1 2491 (486)
452 2835 (315)
2673 2835 (320)
960 986 (406)
894 986 (488)
887 986 (498)
10428 10748 (493)
6546 6676 (310)
6546 7406 (387)
9401 9426 (497)
9129 9426 (515)
7697 8082 (347)
7406 8082 (515)
5743 5997 (524)
252 5743 (307)
5743 6209 (528)
10486 11008 (387)
10428 11008 (358)
141 603 (342)
3334 3464 (443)
106 8124 (535)
11664 11815 (530)
1916 2612 (383)
300 2612 (367)
166 2612 (473)
165 2612 (545)
164 2612 (546)
2 396 (447)
6523 7119 (362)
7119 7406 (494)
10416 10428 (454)
1916 2548 (307)
300 2548 (420)
166 2548 (475)
165 2548 (532)
164 2548 (553)
11391 11435 (489)
16 297 (309)
4 297 (386)
2 297 (431)
4 16 (358)
2 16 (549)
2676 3049 (349)
2673 3049 (328)
106 2499 (574)
6668 6676 (309)
374 6668 (301)
323 6668 (305)
5743 6668 (313)
5055 10441 (448)
5055 10522 (310)
5055 10486 (344)
5055 10428 (479)
4686 5443 (340)
5443 5743 (412)
11666 11685 (483)
11664 11666 (549)
5991 7406 (338)
3789 3805 (380)
3712 3789 (325)
3776 3789 (332)
3718 3789 (330)
3464 3789 (594)
10969 11070 (323)
10441 10969 (302)
10969 11149 (468)
10522 10969 (486)
10969 11019 (526)
10486 10969 (393)
1008 1113 (331)
501 1008 (305)
956 1008 (359)
894 1008 (366)
887 1008 (523)
390 3683 (572)
157 3683 (580)
33 41 (604)
3373 8321 (324)
3373 8431 (527)
3373 7406 (430)
960 1096 (488)
894 1096 (314)
171 1096 (336)
887 1096 (526)
9407 9417 (437)
9401 9407 (524)
9129 9407 (618)
960 1024 (349)
887 1024 (448)
2994 3078 (330)
452 2994 (544)
2676 2994 (482)
106 2994 (402)
2994 3464 (373)
81 4378 (627)
588 1964 (330)
300 1964 (530)
166 1964 (440)
165 1964 (593)
164 1964 (634)
3672 3699 (412)
3672 3718 (403)
3464 3672 (454)
4786 5006 (394)
4332 5006 (382)
963 978 (433)
960 978 (332)
501 978 (322)
978 1100 (344)
894 978 (470)
1 978 (309)
94 978 (306)
978 1499 (409)
887 978 (511)
3207 3467 (358)
3464 3467 (655)
7296 7406 (651)
2175 2700 (462)
2081 2700 (647)
141 2971 (660)
1100 1618 (311)
94 1618 (333)
1499 1618 (433)
887 1618 (433)
7617 7697 (469)
7406 7617 (628)
1515 1551 (350)
1100 1515 (499)
94 1515 (454)
1499 1515 (668)
887 1515 (448)
1765 10273 (378)
1765 10486 (318)
1765 10428 (590)
300 588 (607)
166 588 (525)
165 588 (633)
164 588 (680)
12090 12110 (687)
1815 2081 (413)
11675 11789 (454)
11664 11789 (687)
4686 4859 (427)
4332 4859 (460)
6523 7406 (407)
2688 3104 (328)
452 3104 (341)
2673 3104 (411)
2676 2725 (505)
2673 2725 (547)
106 2393 (714)
1143 1247 (453)
1247 1254 (434)
1113 1247 (469)
956 1247 (640)
894 1247 (661)
126 1247 (340)
887 1247 (601)
8321 8431 (434)
7406 8321 (586)
11051 11070 (393)
11051 11149 (474)
11019 11051 (481)
10486 11051 (323)
4065 4786 (408)
64 4065 (353)
4065 5743 (319)
9860 9939 (452)
148 2984 (322)
141 2984 (737)
116 125 (741)
6503 6550 (362)
5743 6503 (515)
1143 1254 (441)
1113 1143 (562)
960 1143 (410)
956 1143 (703)
894 1143 (603)
126 1143 (343)
887 1143 (635)
975 1508 (322)
1508 2081 (305)
1499 1508 (427)
887 1508 (449)
3712 3805 (392)
3776 3805 (372)
3737 3805 (361)
3718 3805 (405)
3464 3805 (760)
148 318 (473)
141 148 (758)
5743 5910 (766)
11664 11685 (701)
2081 2175 (756)
4686 5033 (406)
4332 5033 (677)
1525 1551 (328)
78 1525 (346)
501 1525 (347)
1100 1525 (392)
1525 2081 (333)
1499 1525 (705)
887 1525 (440)
4099 4807 (365)
4099 4786 (345)
390 4099 (345)
157 4099 (311)
4099 4332 (651)
4 319 (504)
2 319 (591)
4786 5589 (501)
5589 5743 (690)
3207 3214 (575)
3214 3464 (606)
11262 11391 (473)
141 318 (785)
8431 8610 (544)
8610 9129 (533)
508 2574 (386)
1916 2574 (434)
300 2574 (544)
166 2574 (599)
165 2574 (791)
164 2574 (799)
390 1706 (372)
1706 11664 (439)
157 1706 (361)
2706 10486 (340)
2706 10428 (332)
4 483 (631)
2 483 (494)
483 887 (313)
126 3287 (810)
7697 7959 (546)
7406 7959 (710)
6550 6676 (319)
5743 6550 (403)
6550 7406 (433)
11675 11679 (491)
11664 11679 (827)
1714 2285 (430)
390 2285 (319)
157 2285 (320)
10755 11160 (640)
11070 11160 (737)
10441 11160 (333)
11149 11160 (770)
10522 11160 (596)
11019 11160 (540)
10486 11160 (741)
106 6676 (368)
6676 7406 (510)
9940 10044 (450)
9943 10044 (599)
9947 10044 (463)
9977 10044 (595)
9939 10044 (616)
1041 1113 (369)
78 1041 (325)
960 1041 (357)
501 1041 (610)
956 1041 (438)
1041 1100 (322)
894 1041 (628)
1041 1499 (315)
887 1041 (819)
960 963 (503)
501 963 (355)
963 1100 (331)
894 963 (353)
1 963 (300)
94 963 (368)
963 1499 (549)
887 963 (609)
1113 1254 (422)
956 1254 (602)
1100 1254 (469)
894 1254 (530)
42 1254 (330)
126 1254 (356)
94 1254 (310)
1254 2081 (324)
887 1254 (521)
3629 3699 (374)
3699 3718 (424)
42 3699 (308)
3699 4332 (400)
3464 3699 (449)
452 2688 (396)
2676 2688 (384)
2683 2688 (376)
2673 2688 (713)
4450 4686 (410)
126 4450 (304)
141 4450 (300)
4332 4450 (664)
10523 10725 (586)
10523 10755 (477)
10441 10523 (911)
10522 10523 (622)
10486 10523 (786)
10428 10523 (821)
3629 3712 (359)
3712 3737 (338)
3712 3718 (374)
3464 3712 (931)
4332 4363 (915)
323 374 (822)
4 374 (385)
1 374 (311)
374 5743 (366)
10273 10757 (377)
10486 10757 (513)
10428 10757 (838)
2707 2716 (719)
2683 2716 (752)
126 2716 (320)
2673 2716 (647)
2716 3464 (332)
7697 7874 (650)
7874 8431 (344)
7406 7874 (886)
9401 9417 (879)
9129 9417 (1012)
508 1916 (434)
300 508 (735)
166 508 (757)
165 508 (1004)
164 508 (1030)
11664 11675 (1058)
1100 1551 (633)
94 1551 (507)
1551 2081 (319)
1499 1551 (991)
887 1551 (744)
1 2409 (347)
13 2409 (530)
2683 2707 (583)
126 2707 (375)
2673 2707 (600)
2707 3464 (491)
390 1714 (542)
141 1714 (515)
157 1714 (537)
9940 9943 (824)
9940 9947 (461)
9940 9977 (1069)
9939 9940 (896)
3078 3737 (391)
106 3078 (415)
3078 4332 (375)
3078 3464 (723)
300 1916 (849)
166 1916 (973)
165 1916 (1266)
164 1916 (1269)
10725 10755 (856)
10441 10725 (860)
10725 11149 (314)
10522 10725 (743)
10486 10725 (1088)
10428 10725 (933)
960 1113 (615)
501 1113 (434)
956 1113 (984)
894 1113 (943)
126 1113 (334)
94 1113 (387)
887 1113 (1156)
3629 3776 (488)
3737 3776 (1077)
3718 3776 (732)
3464 3776 (1029)
3207 3464 (1142)
78 501 (534)
78 956 (465)
78 1100 (609)
78 894 (503)
73 78 (316)
78 94 (488)
78 1499 (743)
78 887 (1099)
452 2676 (894)
106 452 (317)
452 2673 (909)
452 3464 (501)
4 323 (373)
1 323 (367)
323 5743 (720)
9943 9947 (787)
9943 9977 (1110)
9943 10273 (415)
9939 9943 (1099)
9943 10428 (438)
960 975 (423)
501 975 (501)
975 1100 (340)
894 975 (327)
94 975 (509)
975 2081 (416)
975 1499 (750)
887 975 (1137)
4786 4807 (660)
390 4807 (330)
4332 4807 (1101)
4807 5743 (455)
4686 4786 (376)
4332 4786 (730)
4786 5743 (898)
11019 11391 (583)
10486 11391 (363)
2 4 (1252)
4 94 (336)
4 887 (403)
3629 3737 (660)
3629 3718 (993)
3629 4332 (423)
3464 3629 (1237)
9947 9977 (927)
9947 10273 (443)
9939 9947 (1458)
390 9401 (337)
9129 9401 (1846)
10543 10755 (488)
10543 11070 (404)
10543 11149 (471)
10273 10543 (393)
126 10543 (340)
10486 10543 (1312)
10428 10543 (1091)
2676 2683 (564)
2673 2676 (1254)
2676 3464 (652)
501 960 (881)
956 960 (871)
894 960 (1083)
164 960 (307)
171 960 (345)
94 960 (559)
960 2081 (376)
960 1499 (370)
887 960 (1544)
3718 3737 (875)
3737 4332 (615)
3464 3737 (1310)
501 956 (771)
501 1100 (699)
501 894 (1058)
94 501 (406)
501 1499 (854)
501 887 (1602)
166 300 (1573)
165 300 (1891)
164 300 (1993)
81 4686 (312)
126 4686 (321)
4332 4686 (1458)
4686 5743 (561)
165 166 (1980)
164 166 (2044)
3718 4332 (564)
3464 3718 (1540)
10755 11070 (767)
10441 10755 (1125)
10755 11149 (840)
10522 10755 (1266)
10755 11019 (584)
106 10755 (305)
10486 10755 (1759)
10428 10755 (1172)
956 1100 (705)
894 956 (1372)
126 956 (409)
141 956 (354)
94 956 (950)
956 2081 (412)
956 1499 (477)
887 956 (1752)
10441 11070 (580)
11070 11149 (1897)
10522 11070 (924)
11019 11070 (1561)
10486 11070 (1327)
894 1100 (838)
157 1100 (329)
94 1100 (1290)
1100 2081 (641)
1100 1499 (1543)
887 1100 (1594)
2 94 (316)
10441 11149 (544)
10273 10441 (494)
10441 10522 (1547)
10441 11019 (601)
33 10441 (458)
64 10441 (372)
157 10441 (339)
10441 10486 (1732)
10428 10441 (1477)
2673 2683 (1643)
2683 3464 (725)
7697 8431 (591)
7406 7697 (2209)
8431 9129 (1014)
7406 8431 (1398)
126 894 (319)
94 894 (736)
894 1499 (621)
887 894 (2320)
157 390 (1596)
390 2081 (332)
390 1499 (346)
390 9129 (391)
390 4332 (392)
164 165 (2541)
9977 10273 (618)
9939 9977 (1648)
9977 10428 (920)
10522 11149 (1070)
11019 11149 (1773)
10486 11149 (1614)
10273 10522 (428)
9939 10273 (502)
10273 10486 (921)
10273 10428 (2082)
10522 11019 (1063)
64 10522 (341)
100 10522 (314)
157 10522 (322)
134 10522 (304)
10486 10522 (2087)
10428 10522 (1289)
10486 11019 (1305)
10428 11019 (381)
1 94 (381)
13 10486 (393)
33 1499 (309)
64 10486 (376)
90 94 (327)
106 10486 (300)
126 10486 (330)
94 141 (400)
94 157 (344)
157 1499 (311)
157 10486 (324)
134 10486 (371)
94 2081 (987)
94 1499 (1361)
94 887 (1781)
1499 2081 (1424)
887 1499 (2147)
10428 10486 (2966)
42 7580 7743 (300)
887 954 960 (327)
10747 10777 10778 (330)
10543 10777 10778 (330)
126 10777 10778 (329)
10486 10777 10778 (330)
10543 10747 10777 (330)
126 10747 10777 (329)
10486 10747 10777 (330)
126 10543 10777 (329)
10486 10543 10777 (330)
126 10486 10777 (329)
10543 10747 10778 (330)
126 10747 10778 (329)
10486 10747 10778 (330)
126 10543 10778 (329)
10486 10543 10778 (330)
126 10486 10778 (329)
171 10760 10875 (301)
134 10709 10874 (301)
10486 10709 10874 (301)
134 10486 10874 (300)
9129 9401 9668 (314)
134 10522 10709 (304)
10486 10522 10709 (302)
134 10486 10709 (348)
42 1190 1254 (303)
126 10543 10747 (329)
10486 10543 10747 (333)
126 10486 10747 (329)
7406 7697 8042 (310)
337 3373 8431 (310)
887 956 1058 (306)
11664 11675 11794 (310)
10523 10683 10725 (320)
10441 10523 10683 (411)
10486 10523 10683 (356)
10428 10523 10683 (407)
10441 10683 10725 (318)
10428 10683 10725 (312)
10441 10486 10683 (366)
10428 10441 10683 (418)
10428 10486 10683 (364)
8431 8610 8867 (304)
8431 8867 9129 (336)
12101 12110 12127 (329)
12090 12101 12127 (330)
12090 12110 12127 (455)
7406 7532 7697 (338)
106 8124 10003 (382)
7406 8410 8431 (315)
12090 12101 12110 (426)
2996 9940 9943 (344)
2996 9940 9977 (373)
2996 9939 9940 (313)
2996 9943 9977 (322)
2996 9939 9977 (302)
894 960 986 (397)
887 960 986 (406)
887 894 986 (488)
9129 9401 9426 (497)
7406 7697 8082 (347)
166 1916 2612 (333)
165 1916 2612 (383)
164 1916 2612 (382)
166 300 2612 (311)
165 300 2612 (367)
164 300 2612 (366)
165 166 2612 (471)
164 166 2612 (473)
164 165 2612 (544)
6523 7119 7406 (341)
165 1916 2548 (307)
164 1916 2548 (307)
166 300 2548 (343)
165 300 2548 (398)
164 300 2548 (419)
165 166 2548 (475)
164 166 2548 (474)
164 165 2548 (531)
2 4 16 (355)
5055 10428 10441 (364)
11664 11666 11685 (453)
3464 3789 3805 (380)
3464 3712 3789 (325)
3464 3776 3789 (332)
3464 3718 3789 (330)
10969 11070 11149 (305)
10969 11019 11070 (315)
10522 10969 11149 (409)
10969 11019 11149 (438)
10522 10969 11019 (475)
10486 10522 10969 (319)
10486 10969 11019 (327)
887 1008 1113 (331)
887 956 1008 (359)
887 894 1008 (366)
157 390 3683 (570)
3373 8321 8431 (301)
3373 7406 8431 (385)
171 960 1096 (336)
887 960 1096 (398)
887 894 1096 (314)
9401 9407 9417 (406)
9129 9407 9417 (437)
9129 9401 9407 (524)
2994 3078 3464 (307)
452 2676 2994 (471)
106 452 2994 (317)
300 588 1964 (312)
165 588 1964 (312)
164 588 1964 (330)
166 300 1964 (398)
165 300 1964 (512)
164 300 1964 (529)
165 166 1964 (422)
164 166 1964 (440)
164 165 1964 (592)
963 978 1499 (333)
887 963 978 (314)
978 1100 1499 (318)
887 894 978 (450)
3207 3464 3467 (358)
2081 2175 2700 (458)
7406 7617 7697 (440)
1499 1515 1551 (348)
94 1100 1515 (404)
1100 1499 1515 (492)
887 1100 1515 (366)
94 1499 1515 (448)
887 1499 1515 (441)
1765 10273 10428 (378)
1765 10428 10486 (318)
166 300 588 (465)
165 300 588 (566)
164 300 588 (606)
165 166 588 (481)
164 166 588 (525)
164 165 588 (632)
11664 11675 11789 (454)
4332 4686 4859 (313)
2673 2676 2725 (379)
1143 1247 1254 (412)
1113 1143 1247 (378)
956 1143 1247 (449)
894 1143 1247 (407)
126 1143 1247 (333)
887 1143 1247 (336)
1113 1247 1254 (360)
956 1247 1254 (429)
894 1247 1254 (385)
887 1247 1254 (316)
956 1113 1247 (428)
894 1113 1247 (438)
126 1113 1247 (314)
887 1113 1247 (377)
894 956 1247 (592)
126 956 1247 (339)
887 956 1247 (523)
887 894 1247 (577)
7406 8321 8431 (307)
11051 11070 11149 (351)
11019 11051 11149 (306)
141 148 2984 (321)
1113 1143 1254 (357)
956 1143 1254 (428)
894 1143 1254 (395)
887 1143 1254 (324)
960 1113 1143 (318)
956 1113 1143 (545)
894 1113 1143 (501)
126 1113 1143 (318)
887 1113 1143 (469)
956 960 1143 (381)
894 960 1143 (323)
887 960 1143 (376)
894 956 1143 (558)
126 956 1143 (343)
887 956 1143 (585)
887 894 1143 (519)
3464 3712 3805 (392)
3464 3776 3805 (372)
3464 3737 3805 (361)
3464 3718 3805 (405)
141 148 318 (472)
4332 4686 5033 (347)
1499 1525 1551 (322)
78 1499 1525 (343)
501 1499 1525 (344)
1100 1499 1525 (388)
887 1499 1525 (436)
157 390 4099 (307)
2 4 319 (355)
4786 5589 5743 (454)
3207 3214 3464 (466)
8431 8610 9129 (315)
165 508 2574 (377)
164 508 2574 (385)
166 1916 2574 (382)
165 1916 2574 (434)
164 1916 2574 (433)
166 300 2574 (390)
165 300 2574 (544)
164 300 2574 (543)
165 166 2574 (599)
164 166 2574 (598)
164 165 2574 (790)
2 4 483 (355)
7406 7697 7959 (500)
11664 11675 11679 (491)
157 390 2285 (309)
10755 11070 11160 (553)
10755 11149 11160 (578)
10522 10755 11160 (494)
10755 11019 11160 (385)
10486 10755 11160 (599)
10441 11070 11160 (325)
11070 11149 11160 (678)
10522 11070 11160 (511)
11019 11070 11160 (513)
10486 11070 11160 (641)
10441 11149 11160 (314)
10441 10522 11160 (330)
10441 11019 11160 (305)
10441 10486 11160 (318)
10522 11149 11160 (539)
11019 11149 11160 (499)
10486 11149 11160 (670)
10522 11019 11160 (440)
10486 10522 11160 (559)
10486 11019 11160 (452)
9940 9943 10044 (349)
9940 9977 10044 (439)
9939 9940 10044 (334)
9943 9977 10044 (426)
9939 9943 10044 (375)
9939 9947 10044 (349)
9939 9977 10044 (465)
894 1041 1113 (321)
887 1041 1113 (356)
78 887 1041 (312)
887 960 1041 (344)
501 894 1041 (457)
501 887 1041 (597)
894 956 1041 (394)
887 956 1041 (425)
887 1041 1100 (322)
887 894 1041 (615)
887 1041 1499 (302)
501 960 963 (303)
887 894 963 (333)
94 887 963 (324)
887 963 1499 (331)
956 1113 1254 (402)
894 1113 1254 (390)
887 1113 1254 (310)
894 956 1254 (446)
126 956 1254 (355)
887 956 1254 (358)
887 894 1254 (420)
452 2673 2688 (342)
2673 2683 2688 (376)
4332 4450 4686 (311)
10523 10725 10755 (353)
10441 10523 10725 (583)
10522 10523 10725 (420)
10486 10523 10725 (536)
10428 10523 10725 (515)
10441 10523 10755 (472)
10522 10523 10755 (352)
10486 10523 10755 (460)
10428 10523 10755 (417)
10441 10522 10523 (613)
10441 10486 10523 (777)
10428 10441 10523 (808)
10486 10522 10523 (554)
10428 10522 10523 (517)
10428 10486 10523 (683)
3464 3629 3712 (359)
3464 3712 3737 (338)
3464 3712 3718 (374)
4 323 374 (359)
10273 10428 10757 (377)
10428 10486 10757 (504)
2683 2707 2716 (573)
126 2707 2716 (319)
2673 2707 2716 (437)
2673 2683 2716 (553)
7406 7697 7874 (620)
9129 9401 9417 (879)
166 508 1916 (348)
165 508 1916 (434)
164 508 1916 (432)
166 300 508 (520)
165 300 508 (734)
164 300 508 (733)
165 166 508 (753)
164 166 508 (756)
164 165 508 (1002)
94 1100 1551 (453)
1100 1499 1551 (612)
887 1100 1551 (471)
94 1499 1551 (484)
94 887 1551 (341)
887 1499 1551 (705)
2673 2683 2707 (389)
157 390 1714 (537)
9940 9943 9977 (782)
9939 9940 9943 (617)
9940 9947 9977 (408)
9939 9940 9947 (431)
9939 9940 9977 (796)
166 300 1916 (706)
165 300 1916 (849)
164 300 1916 (846)
165 166 1916 (973)
164 166 1916 (971)
164 165 1916 (1263)
10441 10725 10755 (536)
10522 10725 10755 (530)
10486 10725 10755 (749)
10428 10725 10755 (574)
10441 10522 10725 (632)
10441 10486 10725 (793)
10428 10441 10725 (721)
10486 10522 10725 (710)
10428 10522 10725 (522)
10428 10486 10725 (755)
956 960 1113 (468)
894 960 1113 (470)
887 960 1113 (581)
501 956 1113 (302)
501 894 1113 (356)
501 887 1113 (434)
894 956 1113 (692)
126 956 1113 (327)
887 956 1113 (863)
126 894 1113 (306)
887 894 1113 (848)
94 887 1113 (313)
3629 3737 3776 (449)
3629 3718 3776 (317)
3464 3629 3776 (322)
3718 3737 3776 (570)
3464 3737 3776 (779)
3464 3718 3776 (599)
78 501 1499 (345)
78 501 887 (455)
78 94 956 (307)
78 887 956 (394)
78 894 1100 (302)
78 1100 1499 (433)
78 887 1100 (576)
78 887 894 (497)
78 94 887 (405)
78 887 1499 (601)
452 2673 2676 (511)
452 2676 3464 (383)
9943 9947 9977 (469)
9939 9943 9947 (661)
9939 9943 9977 (845)
887 960 975 (405)
501 975 1499 (304)
501 887 975 (410)
887 894 975 (321)
94 887 975 (392)
887 975 1499 (554)
4332 4786 4807 (368)
3629 3718 3737 (469)
3464 3629 3737 (404)
3629 3718 4332 (339)
3464 3629 3718 (654)
9939 9947 9977 (823)
390 9129 9401 (336)
10486 10543 10755 (367)
10543 11070 11149 (365)
10486 10543 11070 (381)
10486 10543 11149 (428)
10273 10428 10543 (389)
126 10486 10543 (330)
10428 10486 10543 (826)
2673 2676 2683 (492)
501 956 960 (541)
501 894 960 (547)
501 887 960 (760)
894 956 960 (678)
887 956 960 (824)
887 894 960 (1029)
94 887 960 (479)
3464 3718 3737 (626)
501 894 956 (604)
501 887 956 (759)
501 894 1100 (316)
501 1100 1499 (536)
501 887 1100 (562)
501 887 894 (1033)
94 501 887 (325)
501 887 1499 (584)
165 166 300 (1517)
164 166 300 (1570)
164 165 300 (1886)
164 165 166 (1977)
10441 10755 11070 (376)
10755 11070 11149 (675)
10522 10755 11070 (531)
10755 11019 11070 (496)
10486 10755 11070 (693)
10441 10755 11149 (352)
10441 10522 10755 (947)
10441 10755 11019 (412)
10441 10486 10755 (1056)
10428 10441 10755 (750)
10522 10755 11149 (577)
10755 11019 11149 (471)
10486 10755 11149 (753)
10522 10755 11019 (516)
10486 10522 10755 (1181)
10428 10522 10755 (632)
10486 10755 11019 (512)
10428 10486 10755 (919)
894 956 1100 (362)
94 956 1100 (509)
956 1100 1499 (332)
887 956 1100 (515)
126 894 956 (305)
94 894 956 (354)
887 894 956 (1269)
94 956 2081 (317)
94 956 1499 (398)
94 887 956 (633)
887 956 1499 (329)
10441 11070 11149 (477)
10441 10522 11070 (533)
10441 11019 11070 (435)
10441 10486 11070 (500)
10522 11070 11149 (765)
11019 11070 11149 (1391)
10486 11070 11149 (1149)
10522 11019 11070 (726)
10486 10522 11070 (689)
10486 11019 11070 (834)
94 894 1100 (411)
894 1100 1499 (420)
887 894 1100 (803)
94 157 1100 (325)
157 1100 1499 (309)
94 1100 2081 (477)
94 1100 1499 (939)
94 887 1100 (813)
1100 1499 2081 (463)
887 1100 1499 (1080)
10441 10522 11149 (478)
10441 11019 11149 (442)
10441 10486 11149 (493)
10273 10441 10522 (319)
10273 10441 10486 (336)
10273 10428 10441 (476)
10441 10522 11019 (514)
157 10441 10522 (322)
10441 10486 10522 (1340)
10428 10441 10522 (959)
10441 10486 11019 (523)
157 10441 10486 (324)
10428 10441 10486 (1205)
7406 7697 8431 (446)
94 894 1499 (373)
94 887 894 (669)
887 894 1499 (567)
9977 10273 10428 (400)
10522 11019 11149 (823)
10486 10522 11149 (815)
10486 11019 11149 (951)
10273 10486 10522 (344)
10273 10428 10522 (419)
10273 10428 10486 (905)
10486 10522 11019 (774)
64 10486 10522 (302)
157 10486 10522 (314)
134 10486 10522 (301)
10428 10486 10522 (1139)
94 157 1499 (306)
94 1499 2081 (467)
94 887 1499 (894)
10543 10747 10777 10778 (330)
126 10747 10777 10778 (329)
10486 10747 10777 10778 (330)
126 10543 10777 10778 (329)
10486 10543 10777 10778 (330)
126 10486 10777 10778 (329)
126 10543 10747 10777 (329)
10486 10543 10747 10777 (330)
126 10486 10747 10777 (329)
126 10486 10543 10777 (329)
126 10543 10747 10778 (329)
10486 10543 10747 10778 (330)
126 10486 10747 10778 (329)
126 10486 10543 10778 (329)
134 10486 10709 10874 (300)
134 10486 10522 10709 (301)
126 10486 10543 10747 (329)
10441 10523 10683 10725 (317)
10428 10523 10683 10725 (311)
10441 10486 10523 10683 (354)
10428 10441 10523 10683 (402)
10428 10486 10523 10683 (347)
10428 10441 10683 10725 (309)
10428 10441 10486 10683 (357)
12090 12101 12110 12127 (329)
2996 9940 9943 9977 (313)
887 894 960 986 (397)
165 166 1916 2612 (333)
164 166 1916 2612 (333)
164 165 1916 2612 (382)
165 166 300 2612 (311)
164 166 300 2612 (311)
164 165 300 2612 (366)
164 165 166 2612 (471)
164 165 1916 2548 (307)
165 166 300 2548 (343)
164 166 300 2548 (342)
164 165 300 2548 (397)
164 165 166 2548 (474)
10969 11019 11070 11149 (304)
10522 10969 11019 11149 (406)
10486 10522 10969 11019 (308)
9129 9401 9407 9417 (406)
164 300 588 1964 (312)
164 165 588 1964 (312)
165 166 300 1964 (380)
164 166 300 1964 (398)
164 165 300 1964 (511)
164 165 166 1964 (422)
94 1100 1499 1515 (398)
887 1100 1499 1515 (359)
165 166 300 588 (424)
164 166 300 588 (465)
164 165 300 588 (565)
164 165 166 588 (481)
1113 1143 1247 1254 (339)
956 1143 1247 1254 (408)
894 1143 1247 1254 (366)
956 1113 1143 1247 (374)
894 1113 1143 1247 (351)
126 1113 1143 1247 (308)
894 956 1143 1247 (403)
126 956 1143 1247 (333)
887 956 1143 1247 (332)
887 894 1143 1247 (323)
956 1113 1247 1254 (356)
894 1113 1247 1254 (331)
894 956 1247 1254 (381)
887 956 1247 1254 (312)
887 894 1247 1254 (301)
894 956 1113 1247 (399)
126 956 1113 1247 (314)
887 956 1113 1247 (336)
887 894 1113 1247 (360)
887 894 956 1247 (508)
956 1113 1143 1254 (353)
894 1113 1143 1254 (330)
894 956 1143 1254 (382)
887 956 1143 1254 (311)
887 894 1143 1254 (311)
956 960 1113 1143 (316)
894 956 1113 1143 (485)
126 956 1113 1143 (318)
887 956 1113 1143 (452)
887 894 1113 1143 (423)
887 956 960 1143 (347)
887 894 956 1143 (474)
164 165 508 2574 (376)
165 166 1916 2574 (382)
164 166 1916 2574 (381)
164 165 1916 2574 (433)
165 166 300 2574 (390)
164 166 300 2574 (389)
164 165 300 2574 (543)
164 165 166 2574 (598)
10755 11070 11149 11160 (505)
10522 10755 11070 11160 (409)
10755 11019 11070 11160 (375)
10486 10755 11070 11160 (514)
10522 10755 11149 11160 (446)
10755 11019 11149 11160 (353)
10486 10755 11149 11160 (537)
10522 10755 11019 11160 (372)
10486 10522 10755 11160 (466)
10486 10755 11019 11160 (344)
10441 11070 11149 11160 (306)
10441 10522 11070 11160 (322)
10441 10486 11070 11160 (310)
10522 11070 11149 11160 (468)
11019 11070 11149 11160 (472)
10486 11070 11149 11160 (584)
10522 11019 11070 11160 (432)
10486 10522 11070 11160 (474)
10486 11019 11070 11160 (429)
10441 10522 11149 11160 (311)
10441 10522 11019 11160 (302)
10441 10486 10522 11160 (318)
10522 11019 11149 11160 (399)
10486 10522 11149 11160 (502)
10486 11019 11149 11160 (411)
10486 10522 11019 11160 (405)
9940 9943 9977 10044 (349)
9939 9940 9977 10044 (323)
9939 9943 9977 10044 (300)
887 894 1041 1113 (308)
501 887 894 1041 (457)
887 894 956 1041 (381)
894 956 1113 1254 (373)
887 956 1113 1254 (300)
887 894 956 1254 (343)
10441 10523 10725 10755 (353)
10522 10523 10725 10755 (316)
10486 10523 10725 10755 (344)
10441 10522 10523 10725 (420)
10441 10486 10523 10725 (536)
10428 10441 10523 10725 (512)
10486 10522 10523 10725 (405)
10428 10522 10523 10725 (349)
10428 10486 10523 10725 (465)
10441 10522 10523 10755 (348)
10441 10486 10523 10755 (456)
10428 10441 10523 10755 (412)
10486 10522 10523 10755 (344)
10428 10486 10523 10755 (400)
10441 10486 10522 10523 (548)
10428 10441 10522 10523 (510)
10428 10441 10486 10523 (674)
10428 10486 10522 10523 (451)
2673 2683 2707 2716 (384)
165 166 508 1916 (348)
164 166 508 1916 (347)
164 165 508 1916 (432)
165 166 300 508 (519)
164 166 300 508 (519)
164 165 300 508 (732)
164 165 166 508 (752)
94 1100 1499 1551 (436)
94 887 1100 1551 (302)
887 1100 1499 1551 (450)
94 887 1499 1551 (318)
9939 9940 9943 9977 (575)
9939 9940 9947 9977 (382)
165 166 300 1916 (706)
164 166 300 1916 (704)
164 165 300 1916 (846)
164 165 166 1916 (971)
10441 10522 10725 10755 (474)
10441 10486 10725 10755 (520)
10428 10441 10725 10755 (417)
10486 10522 10725 10755 (515)
10428 10522 10725 10755 (367)
10428 10486 10725 10755 (478)
10441 10486 10522 10725 (612)
10428 10441 10522 10725 (495)
10428 10441 10486 10725 (658)
10428 10486 10522 10725 (495)
894 956 960 1113 (364)
887 956 960 1113 (434)
887 894 960 1113 (436)
501 887 956 1113 (302)
501 887 894 1113 (356)
887 894 956 1113 (604)
3464 3718 3737 3776 (437)
78 887 894 1100 (301)
78 887 1100 1499 (416)
9939 9943 9947 9977 (445)
10486 10543 11070 11149 (350)
501 894 956 960 (396)
501 887 956 960 (529)
501 887 894 960 (527)
887 894 956 960 (644)
501 887 894 956 (604)
501 887 894 1100 (308)
501 887 1100 1499 (399)
164 165 166 300 (1514)
10441 10755 11070 11149 (323)
10441 10522 10755 11070 (373)
10441 10755 11019 11070 (344)
10441 10486 10755 11070 (350)
10522 10755 11070 11149 (454)
10755 11019 11070 11149 (451)
10486 10755 11070 11149 (606)
10522 10755 11019 11070 (452)
10486 10522 10755 11070 (476)
10486 10755 11019 11070 (429)
10441 10522 10755 11149 (349)
10441 10755 11019 11149 (339)
10441 10486 10755 11149 (330)
10441 10522 10755 11019 (396)
10441 10486 10522 10755 (910)
10428 10441 10522 10755 (575)
10441 10486 10755 11019 (386)
10428 10441 10486 10755 (707)
10522 10755 11019 11149 (425)
10486 10522 10755 11149 (526)
10486 10755 11019 11149 (406)
10486 10522 10755 11019 (463)
10428 10486 10522 10755 (602)
887 894 956 1100 (343)
94 956 1100 1499 (304)
94 887 956 1100 (331)
94 887 894 956 (307)
10441 10522 11070 11149 (432)
10441 11019 11070 11149 (402)
10441 10486 11070 11149 (437)
10441 10522 11019 11070 (419)
10441 10486 10522 11070 (459)
10441 10486 11019 11070 (386)
10522 11019 11070 11149 (646)
10486 10522 11070 11149 (583)
10486 11019 11070 11149 (744)
10486 10522 11019 11070 (540)
94 887 894 1100 (384)
887 894 1100 1499 (411)
94 157 1100 1499 (306)
94 1100 1499 2081 (315)
94 887 1100 1499 (624)
10441 10522 11019 11149 (414)
10441 10486 10522 11149 (441)
10441 10486 11019 11149 (395)
10273 10428 10441 10522 (310)
10273 10428 10441 10486 (320)
10441 10486 10522 11019 (464)
157 10441 10486 10522 (314)
10428 10441 10486 10522 (873)
94 887 894 1499 (343)
10486 10522 11019 11149 (581)
10273 10428 10486 10522 (335)
126 10543 10747 10777 10778 (329)
10486 10543 10747 10777 10778 (330)
126 10486 10747 10777 10778 (329)
126 10486 10543 10777 10778 (329)
126 10486 10543 10747 10777 (329)
126 10486 10543 10747 10778 (329)
10428 10441 10523 10683 10725 (308)
10428 10441 10486 10523 10683 (345)
164 165 166 1916 2612 (333)
164 165 166 300 2612 (311)
164 165 166 300 2548 (342)
164 165 166 300 1964 (380)
164 165 166 300 588 (424)
956 1113 1143 1247 1254 (335)
894 1113 1143 1247 1254 (312)
894 956 1143 1247 1254 (362)
894 956 1113 1143 1247 (347)
126 956 1113 1143 1247 (308)
887 894 956 1143 1247 (319)
894 956 1113 1247 1254 (327)
887 894 956 1113 1247 (321)
894 956 1113 1143 1254 (326)
887 894 956 1113 1143 (407)
164 165 166 1916 2574 (381)
164 165 166 300 2574 (389)
10522 10755 11070 11149 11160 (375)
10755 11019 11070 11149 11160 (343)
10486 10755 11070 11149 11160 (466)
10522 10755 11019 11070 11160 (364)
10486 10522 10755 11070 11160 (381)
10486 10755 11019 11070 11160 (336)
10522 10755 11019 11149 11160 (340)
10486 10522 10755 11149 11160 (418)
10486 10755 11019 11149 11160 (312)
10486 10522 10755 11019 11160 (344)
10441 10522 11070 11149 11160 (303)
10441 10486 10522 11070 11160 (310)
10522 11019 11070 11149 11160 (391)
10486 10522 11070 11149 11160 (431)
10486 11019 11070 11149 11160 (388)
10486 10522 11019 11070 11160 (397)
10486 10522 11019 11149 11160 (364)
10441 10522 10523 10725 10755 (316)
10441 10486 10523 10725 10755 (344)
10486 10522 10523 10725 10755 (309)
10441 10486 10522 10523 10725 (405)
10428 10441 10522 10523 10725 (349)
10428 10441 10486 10523 10725 (465)
10428 10486 10522 10523 10725 (334)
10441 10486 10522 10523 10755 (341)
10428 10441 10486 10523 10755 (396)
10428 10441 10486 10522 10523 (445)
164 165 166 508 1916 (347)
164 165 166 300 508 (518)
164 165 166 300 1916 (704)
10441 10486 10522 10725 10755 (463)
10428 10441 10522 10725 10755 (355)
10428 10441 10486 10725 10755 (403)
10428 10486 10522 10725 10755 (356)
10428 10441 10486 10522 10725 (477)
887 894 956 960 1113 (330)
501 887 894 956 960 (396)
10441 10522 10755 11070 11149 (320)
10441 10755 11019 11070 11149 (321)
10441 10486 10755 11070 11149 (301)
10441 10522 10755 11019 11070 (341)
10441 10486 10522 10755 11070 (350)
10441 10486 10755 11019 11070 (320)
10522 10755 11019 11070 11149 (407)
10486 10522 10755 11070 11149 (403)
10486 10755 11019 11070 11149 (388)
10486 10522 10755 11019 11070 (401)
10441 10522 10755 11019 11149 (336)
10441 10486 10522 10755 11149 (330)
10441 10486 10755 11019 11149 (319)
10441 10486 10522 10755 11019 (373)
10428 10441 10486 10522 10755 (561)
10486 10522 10755 11019 11149 (378)
10441 10522 11019 11070 11149 (386)
10441 10486 10522 11070 11149 (396)
10441 10486 11019 11070 11149 (364)
10441 10486 10522 11019 11070 (374)
10486 10522 11019 11070 11149 (477)
10441 10486 10522 11019 11149 (379)
126 10486 10543 10747 10777 10778 (329)
894 956 1113 1143 1247 1254 (308)
10522 10755 11019 11070 11149 11160 (332)
10486 10522 10755 11070 11149 11160 (347)
10486 10755 11019 11070 11149 11160 (304)
10486 10522 10755 11019 11070 11160 (336)
10486 10522 10755 11019 11149 11160 (312)
10486 10522 11019 11070 11149 11160 (356)
10441 10486 10522 10523 10725 10755 (309)
10428 10441 10486 10522 10523 10725 (334)
10428 10441 10486 10522 10725 10755 (346)
10441 10522 10755 11019 11070 11149 (318)
10441 10486 10522 10755 11070 11149 (301)
10441 10486 10755 11019 11070 11149 (301)
10441 10486 10522 10755 11019 11070 (320)
10486 10522 10755 11019 11070 11149 (360)
10441 10486 10522 10755 11019 11149 (319)
10441 10486 10522 11019 11070 11149 (352)
10486 10522 10755 11019 11070 11149 11160 (304)
10441 10486 10522 10755 11019 11070 11149 (301)
